[0106/132337.268:VERBOSE1:pref_proxy_config_tracker_impl.cc(154)] 051AEEB0: set chrome proxy config service to 08755C58
[0106/132337.321:VERBOSE1:pref_proxy_config_tracker_impl.cc(281)] 051AEEB0: Done pushing proxy to UpdateProxyConfig
[0106/132337.738:VERBOSE1:multi_log_ct_verifier.cc(75)] Adding CT log: Google 'Pilot' log
[0106/132337.738:VERBOSE1:multi_log_ct_verifier.cc(75)] Adding CT log: Google 'Aviator' log
[0106/132337.739:VERBOSE1:multi_log_ct_verifier.cc(75)] Adding CT log: DigiCert Log Server
[0106/132337.739:VERBOSE1:multi_log_ct_verifier.cc(75)] Adding CT log: Google 'Rocketeer' log
[0106/132337.758:VERBOSE1:multi_log_ct_verifier.cc(75)] Adding CT log: Symantec log
[0106/132337.758:VERBOSE1:multi_log_ct_verifier.cc(75)] Adding CT log: Symantec 'Vega' log
[0106/132337.758:VERBOSE1:multi_log_ct_verifier.cc(75)] Adding CT log: CNNIC CT log
[0106/132337.758:VERBOSE1:multi_log_ct_verifier.cc(75)] Adding CT log: WoSign log
[0106/132337.758:VERBOSE1:multi_log_ct_verifier.cc(75)] Adding CT log: StartCom CT log
[0106/132337.759:VERBOSE1:multi_log_ct_verifier.cc(75)] Adding CT log: Google 'Skydiver' log
[0106/132337.759:VERBOSE1:multi_log_ct_verifier.cc(75)] Adding CT log: Google 'Icarus' log
[0106/132337.759:VERBOSE1:multi_log_ct_verifier.cc(75)] Adding CT log: PuChuangSiDa CT Log 1
[0106/132337.759:VERBOSE1:multi_log_ct_verifier.cc(75)] Adding CT log: Venafi Gen2 CT log
[0106/132337.759:VERBOSE1:multi_log_ct_verifier.cc(75)] Adding CT log: Izenpe log
[0106/132337.759:VERBOSE1:multi_log_ct_verifier.cc(75)] Adding CT log: Venafi log
[0106/132337.759:VERBOSE1:multi_log_ct_verifier.cc(75)] Adding CT log: Certly.IO log
[0106/132339.593:VERBOSE1:webrtc_internals.cc(106)] Could not get the download directory.
[0106/132341.173:INFO:cpu_info.cc(50)] Available number of cores: 4
[0106/132341.211:VERBOSE1:gles2_cmd_decoder.cc(3349)] GL_OES_packed_depth_stencil supported.
[0106/132344.512:VERBOSE1:gles2_cmd_decoder.cc(3349)] GL_OES_packed_depth_stencil supported.
[0106/132344.515:VERBOSE1:gles2_cmd_decoder.cc(3349)] GL_OES_packed_depth_stencil supported.
[0106/132344.754:VERBOSE1:mime_sniffing_resource_handler.cc(449)] To buffer: file:///C:/Projects/ProjectDurbar/ChromelySolution/Demos/Chromely.CefGlue.Gtk.Win.Demo/bin/x86/Debug/net461/Content/js/bootstrap.min.js
[0106/132344.759:VERBOSE1:mime_sniffing_resource_handler.cc(449)] To buffer: file:///C:/Projects/ProjectDurbar/ChromelySolution/Demos/Chromely.CefGlue.Gtk.Win.Demo/bin/x86/Debug/net461/Content/js/jquery.min.js
[0106/132344.870:VERBOSE1:script_context.cc(111)] Created context:
  extension id:           (none)
  frame:                  43DA1AC4
  URL:                    
  context_type:           WEB_PAGE
  effective extension id: (none)
  effective context type: WEB_PAGE
[0106/132344.908:VERBOSE1:script_context.cc(111)] Created context:
  extension id:           (none)
  frame:                  00000000
  URL:                    
  context_type:           UNSPECIFIED
  effective extension id: (none)
  effective context type: UNSPECIFIED
[0106/132344.915:VERBOSE1:dispatcher.cc(422)] Num tracked contexts: 1
[0106/132344.978:VERBOSE1:dhcp_proxy_script_adapter_fetcher_win.cc(262)] Error fetching PAC URL from DHCP: 2
[0106/132344.979:VERBOSE1:dhcp_proxy_script_adapter_fetcher_win.cc(262)] Error fetching PAC URL from DHCP: 2
[0106/132345.981:VERBOSE1:proxy_service.cc(1244)] Failed configuring with PAC script, falling-back to manual proxy servers.
[0106/132353.986:VERBOSE1:dhcp_proxy_script_adapter_fetcher_win.cc(262)] Error fetching PAC URL from DHCP: 2
[0106/132353.987:VERBOSE1:dhcp_proxy_script_adapter_fetcher_win.cc(262)] Error fetching PAC URL from DHCP: 2
[0106/132412.867:VERBOSE1:statistics_recorder.cc(542)] Collections of all histograms
Histogram: GPU.ANGLE.D3D11CreateDeviceMS recorded 1 samples, mean = 5.0 (flags = 0x1)
0  ... 
5  ------------------------------------------------------------------------O (1 = 100.0%) {0.0%}
6  ... 

Histogram: GPU.ANGLE.D3D11FeatureLevel recorded 1 samples, mean = 5.0 (flags = 0x1)
0  ... 
5  ------------------------------------------------------------------------O (1 = 100.0%) {0.0%}
6  O                                                                         (0 = 0.0%) {100.0%}

Histogram: GPU.ANGLE.D3D11InitializeResult recorded 1 samples, mean = 0.0 (flags = 0x1)
0  ------------------------------------------------------------------------O (1 = 100.0%)
1  ... 

Histogram: GPU.ANGLE.D3DCompileMS recorded 8 samples, mean = 73.5 (flags = 0x1)
0    ... 
2    ------------------------------------O                                     (1 = 12.5%) {0.0%}
3    O                                                                         (0 = 0.0%) {12.5%}
4    ------------------------------------------------------------------------O (2 = 25.0%) {12.5%}
5    ------------------------------------O                                     (1 = 12.5%) {37.5%}
6    ... 
10   ------------------------------------O                                     (2 = 25.0%) {50.0%}
12   ... 
268  --------------O                                                           (2 = 25.0%) {75.0%}
318  ... 

Histogram: GPU.ANGLE.DisplayInitializeMS recorded 1 samples, mean = 49.0 (flags = 0x1)
0   ... 
48  ------------------------------------------------------------------------O (1 = 100.0%) {0.0%}
57  ... 

Histogram: GPU.ANGLE.Renderer11InitializeDLLsMS recorded 1 samples, mean = 0.0 (flags = 0x1)
0  ------------------------------------------------------------------------O (1 = 100.0%)
1  ... 

Histogram: GPU.ANGLE.Renderer11InitializeDeviceMS recorded 1 samples, mean = 22.0 (flags = 0x1)
0   ... 
20  ------------------------------------------------------------------------O (1 = 100.0%) {0.0%}
24  ... 

Histogram: GPU.ANGLE.SupportsDXGI1_2 recorded 1 samples, mean = 1.0 (flags = 0x1)
0  O                                                                         (0 = 0.0%)
1  ------------------------------------------------------------------------O (1 = 100.0%) {0.0%}
2  O                                                                         (0 = 0.0%) {100.0%}

Histogram: GPU.CollectContextGraphicsInfo recorded 1 samples, mean = 149.0 (flags = 0x1)
0    ... 
135  ------------------------------------------------------------------------O (1 = 100.0%) {0.0%}
160  ... 

Histogram: GPU.ContextMemory.GLES.Periodic recorded 1 samples, mean = 0.0 (flags = 0x1)
0  ------------------------------------------------------------------------O (1 = 100.0%)
1  ... 

Histogram: GPU.ContextMemory.GLES.Shutdown recorded 2 samples, mean = 0.0 (flags = 0x1)
0  ------------------------------------------------------------------------O (2 = 100.0%)
1  ... 

Histogram: GPU.DoLinkProgramTime recorded 4 samples, mean = 192.5 (flags = 0x1)
0    ... 
7    ------------------------------------------------------------------------O (1 = 25.0%) {0.0%}
8    ... 
14   ------------------------O                                                 (1 = 25.0%) {25.0%}
17   ... 
48   --------------O                                                           (1 = 25.0%) {50.0%}
57   ... 
633  --------------O                                                           (1 = 25.0%) {75.0%}
752  ... 

Histogram: GPU.EGLDisplayType recorded 1 samples, mean = 4.0 (flags = 0x1)
0  ... 
4  ------------------------------------------------------------------------O (1 = 100.0%) {0.0%}
5  ... 

Histogram: GPU.FenceSupport recorded 2 samples, mean = 1.0 (flags = 0x1)
0  O                                                                         (0 = 0.0%)
1  ------------------------------------------------------------------------O (2 = 100.0%) {0.0%}
2  O                                                                         (0 = 0.0%) {100.0%}

Histogram: GPU.InitializeOneOffMediumTime recorded 1 samples, mean = 807.0 (flags = 0x1)
0    ... 
718  ------------------------------------------------------------------------O (1 = 100.0%) {0.0%}
881  ... 

Histogram: GPU.MaxMSAASampleCount recorded 1 samples (flags = 0x1)
4  ------------------------------------------------------------------------O (1 = 100.0%)

Histogram: GPU.ProgramCache.BinaryCacheMissTime recorded 4 samples, mean = 111859.0 (flags = 0x1)
0       ... 
5362    ------------------------------------------------------------------------O (1 = 25.0%) {0.0%}
7439    O                                                                         (0 = 0.0%) {25.0%}
10321   ------------------------------------------------------------------------O (1 = 25.0%) {25.0%}
14319   ... 
38240   ------------------------------------------------------------------------O (1 = 25.0%) {50.0%}
53055   ... 
272741  ------------------------------------------------------------------------O (1 = 25.0%) {75.0%}
378403  ... 

Histogram: GPU.ProgramCache.CacheHit recorded 4 samples, mean = 0.0 (flags = 0x1)
0  ------------------------------------------------------------------------O (4 = 100.0%)
1  ... 

Histogram: GPU.ProgramCache.MemorySizeAfterKb recorded 4 samples, mean = 15.8 (flags = 0x1)
0   ... 
5   ------------------------------------------------------------------------O (1 = 25.0%) {0.0%}
7   O                                                                         (0 = 0.0%) {25.0%}
9   ------------------------------------------------O                         (1 = 25.0%) {25.0%}
12  O                                                                         (0 = 0.0%) {50.0%}
16  -----------------------------O                                            (1 = 25.0%) {50.0%}
21  O                                                                         (0 = 0.0%) {75.0%}
28  -----------------------------O                                            (1 = 25.0%) {75.0%}
37  ... 

Histogram: GPU.ProgramCache.MemorySizeBeforeKb recorded 4 samples, mean = 8.5 (flags = 0x1)
0   ------------------------------------------------------------------------O (1 = 25.0%)
1   ... 
5   ------------------------------------O                                     (1 = 25.0%) {25.0%}
7   O                                                                         (0 = 0.0%) {50.0%}
9   ------------------------O                                                 (1 = 25.0%) {50.0%}
12  O                                                                         (0 = 0.0%) {75.0%}
16  --------------O                                                           (1 = 25.0%) {75.0%}
21  ... 

Histogram: GPU.ProgramCache.ProgramBinarySizeBytes recorded 4 samples, mean = 7551.3 (flags = 0x1)
0     ... 
5338  ------------------------------------------------------------------------O (2 = 50.0%) {0.0%}
7031  ------------------------------------O                                     (1 = 25.0%) {50.0%}
9260  ------------------------------------O                                     (1 = 25.0%) {75.0%}
12196 ... 

Histogram: GPU.TextureRG recorded 2 samples, mean = 1.0 (flags = 0x1)
0  O                                                                         (0 = 0.0%)
1  ------------------------------------------------------------------------O (2 = 100.0%) {0.0%}
2  O                                                                         (0 = 0.0%) {100.0%}

Histogram: LibraryLoader.LoadNativeLibraryWindows recorded 3 samples, mean = 0.3 (flags = 0x1)
0  ------------------------------------------------------------------------O (2 = 66.7%)
1  ------------------------------------O                                     (1 = 33.3%) {66.7%}
2  ... 

Histogram: Mojo.System.GetParentPlatformHandleSyncTime recorded 1 samples, mean = 0.0 (flags = 0x1)
0  ------------------------------------------------------------------------O (1 = 100.0%)
1  ... 

Histogram: Mojo.System.MessagesAcceptedPerEvent recorded 7 samples, mean = 5.0 (flags = 0x1)
0   ... 
4   ------------------------------------------------------------------------O (5 = 71.4%) {0.0%}
5   --------------O                                                           (1 = 14.3%) {71.4%}
6   ... 
10  --------------O                                                           (1 = 14.3%) {85.7%}
11  ... 

Histogram: Mojo.System.Node.ConnectedPeers recorded 3 samples, mean = 1.3 (flags = 0x1)
0  O                                                                         (0 = 0.0%)
1  ------------------------------------------------------------------------O (2 = 66.7%) {0.0%}
2  ------------------------------------O                                     (1 = 33.3%) {66.7%}
3  ... 

Histogram: Mojo.System.Node.PendingChildren recorded 1 samples, mean = 0.0 (flags = 0x1)
0  ------------------------------------------------------------------------O (1 = 100.0%)
1  ... 

Histogram: TaskScheduler.DetachDuration.ContentChildBackgroundBlockingPool recorded 0 samples (flags = 0x1)
0 ... 

Histogram: TaskScheduler.DetachDuration.ContentChildBackgroundPool recorded 0 samples (flags = 0x1)
0 ... 

Histogram: TaskScheduler.DetachDuration.ContentChildForegroundBlockingPool recorded 0 samples (flags = 0x1)
0 ... 

Histogram: TaskScheduler.DetachDuration.ContentChildForegroundPool recorded 0 samples (flags = 0x1)
0 ... 

Histogram: TaskScheduler.NumTasksBeforeDetach.ContentChildBackgroundBlockingPool recorded 0 samples (flags = 0x1)
0 ... 

Histogram: TaskScheduler.NumTasksBeforeDetach.ContentChildBackgroundPool recorded 0 samples (flags = 0x1)
0 ... 

Histogram: TaskScheduler.NumTasksBeforeDetach.ContentChildForegroundBlockingPool recorded 0 samples (flags = 0x1)
0 ... 

Histogram: TaskScheduler.NumTasksBeforeDetach.ContentChildForegroundPool recorded 0 samples (flags = 0x1)
0 ... 

Histogram: TaskScheduler.NumTasksBetweenWaits.ContentChildBackgroundBlockingPool recorded 0 samples (flags = 0x1)
0 ... 

Histogram: TaskScheduler.NumTasksBetweenWaits.ContentChildBackgroundPool recorded 0 samples (flags = 0x1)
0 ... 

Histogram: TaskScheduler.NumTasksBetweenWaits.ContentChildForegroundBlockingPool recorded 0 samples (flags = 0x1)
0 ... 

Histogram: TaskScheduler.NumTasksBetweenWaits.ContentChildForegroundPool recorded 0 samples (flags = 0x1)
0 ... 

Histogram: TaskScheduler.TaskLatency.BackgroundTaskPriority recorded 0 samples (flags = 0x1)
0 ... 

Histogram: TaskScheduler.TaskLatency.BackgroundTaskPriority.MayBlock recorded 0 samples (flags = 0x1)
0 ... 

Histogram: TaskScheduler.TaskLatency.UserBlockingTaskPriority recorded 0 samples (flags = 0x1)
0 ... 

Histogram: TaskScheduler.TaskLatency.UserBlockingTaskPriority.MayBlock recorded 0 samples (flags = 0x1)
0 ... 

Histogram: TaskScheduler.TaskLatency.UserVisibleTaskPriority recorded 0 samples (flags = 0x1)
0 ... 

Histogram: TaskScheduler.TaskLatency.UserVisibleTaskPriority.MayBlock recorded 0 samples (flags = 0x1)
0 ... 

Histogram: TrackedObjects.GetRetiredOrCreateThreadData recorded 6 samples, mean = 0.0 (flags = 0x1)
0  ------------------------------------------------------------------------O (6 = 100.0%)
1  ... 

Histogram: UMA.Histograms.Activity.gpu-process recorded 146 samples, mean = 4.0 (flags = 0x1)
0  --O                                                                       (1 = 0.7%)
1  ------------------------------------------------------------------------O (46 = 31.5%) {0.7%}
2  -----------O                                                              (7 = 4.8%) {32.2%}
3  ----------------------------------------------------------O               (37 = 25.3%) {37.0%}
4  --------O                                                                 (5 = 3.4%) {62.3%}
5  -----O                                                                    (3 = 2.1%) {65.8%}
6  O                                                                         (0 = 0.0%) {67.8%}
7  --O                                                                       (1 = 0.7%) {67.8%}
8  ------------------------------------------------------------------------O (46 = 31.5%) {68.5%}
9  ... 


[0106/133349.371:VERBOSE1:pref_proxy_config_tracker_impl.cc(154)] 0539ECC8: set chrome proxy config service to 0538AB08
[0106/133349.371:VERBOSE1:pref_proxy_config_tracker_impl.cc(281)] 0539ECC8: Done pushing proxy to UpdateProxyConfig
[0106/133349.372:VERBOSE1:multi_log_ct_verifier.cc(75)] Adding CT log: Google 'Pilot' log
[0106/133349.372:VERBOSE1:multi_log_ct_verifier.cc(75)] Adding CT log: Google 'Aviator' log
[0106/133349.372:VERBOSE1:multi_log_ct_verifier.cc(75)] Adding CT log: DigiCert Log Server
[0106/133349.372:VERBOSE1:multi_log_ct_verifier.cc(75)] Adding CT log: Google 'Rocketeer' log
[0106/133349.372:VERBOSE1:multi_log_ct_verifier.cc(75)] Adding CT log: Symantec log
[0106/133349.373:VERBOSE1:multi_log_ct_verifier.cc(75)] Adding CT log: Symantec 'Vega' log
[0106/133349.373:VERBOSE1:multi_log_ct_verifier.cc(75)] Adding CT log: CNNIC CT log
[0106/133349.373:VERBOSE1:multi_log_ct_verifier.cc(75)] Adding CT log: WoSign log
[0106/133349.373:VERBOSE1:multi_log_ct_verifier.cc(75)] Adding CT log: StartCom CT log
[0106/133349.373:VERBOSE1:multi_log_ct_verifier.cc(75)] Adding CT log: Google 'Skydiver' log
[0106/133349.373:VERBOSE1:multi_log_ct_verifier.cc(75)] Adding CT log: Google 'Icarus' log
[0106/133349.373:VERBOSE1:multi_log_ct_verifier.cc(75)] Adding CT log: PuChuangSiDa CT Log 1
[0106/133349.373:VERBOSE1:multi_log_ct_verifier.cc(75)] Adding CT log: Venafi Gen2 CT log
[0106/133349.373:VERBOSE1:multi_log_ct_verifier.cc(75)] Adding CT log: Izenpe log
[0106/133349.373:VERBOSE1:multi_log_ct_verifier.cc(75)] Adding CT log: Venafi log
[0106/133349.373:VERBOSE1:multi_log_ct_verifier.cc(75)] Adding CT log: Certly.IO log
[0106/133349.483:VERBOSE1:webrtc_internals.cc(106)] Could not get the download directory.
[0106/133349.772:INFO:cpu_info.cc(50)] Available number of cores: 4
[0106/133349.796:VERBOSE1:gles2_cmd_decoder.cc(3349)] GL_OES_packed_depth_stencil supported.
[0106/133349.829:VERBOSE1:gles2_cmd_decoder.cc(3349)] GL_OES_packed_depth_stencil supported.
[0106/133349.833:VERBOSE1:gles2_cmd_decoder.cc(3349)] GL_OES_packed_depth_stencil supported.
[0106/133349.885:VERBOSE1:script_context.cc(111)] Created context:
  extension id:           (none)
  frame:                  3EFE1AC4
  URL:                    
  context_type:           WEB_PAGE
  effective extension id: (none)
  effective context type: WEB_PAGE
[0106/133349.886:VERBOSE1:script_context.cc(111)] Created context:
  extension id:           (none)
  frame:                  00000000
  URL:                    
  context_type:           UNSPECIFIED
  effective extension id: (none)
  effective context type: UNSPECIFIED
[0106/133349.887:VERBOSE1:dispatcher.cc(422)] Num tracked contexts: 1
[0106/133349.903:VERBOSE1:dhcp_proxy_script_adapter_fetcher_win.cc(262)] Error fetching PAC URL from DHCP: 2
[0106/133349.904:VERBOSE1:dhcp_proxy_script_adapter_fetcher_win.cc(262)] Error fetching PAC URL from DHCP: 2
[0106/133349.924:VERBOSE1:mime_sniffing_resource_handler.cc(449)] To buffer: file:///C:/Projects/ProjectDurbar/ChromelySolution/Demos/Chromely.CefGlue.Gtk.Win.Demo/bin/x86/Debug/net461/Content/js/bootstrap.min.js
[0106/133349.932:VERBOSE1:mime_sniffing_resource_handler.cc(449)] To buffer: file:///C:/Projects/ProjectDurbar/ChromelySolution/Demos/Chromely.CefGlue.Gtk.Win.Demo/bin/x86/Debug/net461/Content/js/jquery.min.js
[0106/133350.905:VERBOSE1:proxy_service.cc(1244)] Failed configuring with PAC script, falling-back to manual proxy servers.
[0106/133358.912:VERBOSE1:dhcp_proxy_script_adapter_fetcher_win.cc(262)] Error fetching PAC URL from DHCP: 2
[0106/133358.912:VERBOSE1:dhcp_proxy_script_adapter_fetcher_win.cc(262)] Error fetching PAC URL from DHCP: 2
[0106/133408.695:VERBOSE1:statistics_recorder.cc(542)] Collections of all histograms
Histogram: AsyncDNS.ConfigChange recorded 1 samples, mean = 1.0 (flags = 0x1)
0  O                                                                         (0 = 0.0%)
1  ------------------------------------------------------------------------O (1 = 100.0%) {0.0%}
2  O                                                                         (0 = 0.0%) {100.0%}

Histogram: AsyncDNS.ConfigParseDuration recorded 1 samples, mean = 4.0 (flags = 0x1)
0  ... 
4  ------------------------------------------------------------------------O (1 = 100.0%) {0.0%}
5  ... 

Histogram: AsyncDNS.ConfigParseResult recorded 1 samples, mean = 1.0 (flags = 0x1)
0  O                                                                         (0 = 0.0%)
1  ------------------------------------------------------------------------O (1 = 100.0%) {0.0%}
2  O                                                                         (0 = 0.0%) {100.0%}

Histogram: AsyncDNS.ConfigParseWin recorded 1 samples, mean = 0.0 (flags = 0x1)
0  ------------------------------------------------------------------------O (1 = 100.0%)
1  ... 

Histogram: AsyncDNS.HaveDnsConfig recorded 2 samples, mean = 1.0 (flags = 0x1)
0  O                                                                         (0 = 0.0%)
1  ------------------------------------------------------------------------O (2 = 100.0%) {0.0%}
2  O                                                                         (0 = 0.0%) {100.0%}

Histogram: AsyncDNS.HostParseResult recorded 1 samples, mean = 1.0 (flags = 0x1)
0  O                                                                         (0 = 0.0%)
1  ------------------------------------------------------------------------O (1 = 100.0%) {0.0%}
2  O                                                                         (0 = 0.0%) {100.0%}

Histogram: AsyncDNS.HostsChange recorded 1 samples, mean = 1.0 (flags = 0x1)
0  O                                                                         (0 = 0.0%)
1  ------------------------------------------------------------------------O (1 = 100.0%) {0.0%}
2  O                                                                         (0 = 0.0%) {100.0%}

Histogram: AsyncDNS.HostsParseDuration recorded 1 samples, mean = 2.0 (flags = 0x1)
0  ... 
2  ------------------------------------------------------------------------O (1 = 100.0%) {0.0%}
3  ... 

Histogram: AsyncDNS.HostsParseWin recorded 1 samples, mean = 0.0 (flags = 0x1)
0  ------------------------------------------------------------------------O (1 = 100.0%)
1  ... 

Histogram: AsyncDNS.HostsSize recorded 1 samples, mean = 824.0 (flags = 0x1)
0    ... 
777  ------------------------------------------------------------------------O (1 = 100.0%) {0.0%}
1023 ... 

Histogram: AsyncDNS.WatchStatus recorded 1 samples, mean = 0.0 (flags = 0x1)
0  ------------------------------------------------------------------------O (1 = 100.0%)
1  ... 

Histogram: Aura.CreatedGpuBrowserCompositor recorded 1 samples, mean = 1.0 (flags = 0x1)
0  O                                                                         (0 = 0.0%)
1  ------------------------------------------------------------------------O (1 = 100.0%) {0.0%}
2  O                                                                         (0 = 0.0%) {100.0%}

Histogram: CertificateType2.BR.Intermediate.RSA recorded 2 samples, mean = 2048.0 (flags = 0x1)
0     ... 
2048  ------------------------------------------------------------------------O (2 = 100.0%) {0.0%}
2049  ... 

Histogram: CertificateType2.BR.Leaf.ECDSA recorded 2 samples, mean = 256.0 (flags = 0x1)
0    ... 
256  ------------------------------------------------------------------------O (2 = 100.0%) {0.0%}
257  ... 

Histogram: CertificateType2.BR.Root.RSA recorded 2 samples, mean = 2048.0 (flags = 0x1)
0     ... 
2048  ------------------------------------------------------------------------O (2 = 100.0%) {0.0%}
2049  ... 

Histogram: ChildProcessSecurityPolicy.PerChildFilePermissions recorded 1 samples, mean = 0.0 (flags = 0x1)
0  ------------------------------------------------------------------------O (1 = 100.0%)
1  ... 

Histogram: Compositing.Browser.LayerTreeImpl.CalculateDrawPropertiesUs recorded 2 samples, mean = 17.5 (flags = 0x1)
0   ... 
9   ------------------------------------------------------------------------O (1 = 50.0%) {0.0%}
12  ... 
21  -------------------------------------------O                              (1 = 50.0%) {50.0%}
28  ... 

Histogram: Compositing.Browser.LayersUpdateTime.0 recorded 2 samples, mean = 151.0 (flags = 0x1)
0    ... 
29   ------------------------------------------------------------------------O (1 = 50.0%) {0.0%}
40   ... 
203  ------------------------------------------------------------------------O (1 = 50.0%) {50.0%}
282  ... 

Histogram: Compositing.Browser.NumActiveLayers recorded 2 samples, mean = 6.0 (flags = 0x1)
0  ... 
5  ------------------------------------------------------------------------O (2 = 100.0%) {0.0%}
7  ... 

Histogram: Compositing.Browser.NumRenderSurfaces recorded 2 samples, mean = 1.0 (flags = 0x1)
0  O                                                                         (0 = 0.0%)
1  ------------------------------------------------------------------------O (2 = 100.0%) {0.0%}
2  ... 

Histogram: Compositing.Browser.PictureMemoryUsageKb recorded 2 samples, mean = 8.0 (flags = 0x1)
0  ... 
7  ------------------------------------------------------------------------O (2 = 100.0%) {0.0%}
9  ... 

Histogram: Compositing.DirectRenderer.GL.DrawFrameUs recorded 457 samples, mean = 62.9 (flags = 0x1)
0    ... 
28   -----------------O                                                        (42 = 9.2%) {0.0%}
37   ------------------------------O                                           (74 = 16.2%) {9.2%}
49   ------------------------------------------------------------------------O (178 = 38.9%) {25.4%}
65   ---------------------------------------O                                  (96 = 21.0%) {64.3%}
86   -------------------O                                                      (47 = 10.3%) {85.3%}
113  -------O                                                                  (17 = 3.7%) {95.6%}
149  -O                                                                        (2 = 0.4%) {99.3%}
196  O                                                                         (1 = 0.2%) {99.8%}
258  ... 

Histogram: Compositing.SurfaceAggregator.AggregateUs recorded 457 samples, mean = 244.1 (flags = 0x1)
0    ... 
28   -O                                                                        (2 = 0.4%) {0.0%}
37   ------------------------O                                                 (42 = 9.2%) {0.4%}
49   --------------------O                                                     (35 = 7.7%) {9.6%}
65   -------------------------O                                                (44 = 9.6%) {17.3%}
86   -O                                                                        (2 = 0.4%) {26.9%}
113  O                                                                         (0 = 0.0%) {27.4%}
149  -----O                                                                    (9 = 2.0%) {27.4%}
196  -----------------------------------------O                                (72 = 15.8%) {29.3%}
258  ------------------------------------------------------------------------O (126 = 27.6%) {45.1%}
340  ---------------------------------------------------------------------O    (121 = 26.5%) {72.6%}
448  --O                                                                       (4 = 0.9%) {99.1%}
590  ... 

Histogram: Compositing.SurfaceAggregator.SurfaceDrawQuad.MissingSurface recorded 457 samples, mean = 0.0 (flags = 0x1)
0  ------------------------------------------------------------------------O (457 = 100.0%)
1  ... 

Histogram: Compositing.SurfaceAggregator.SurfaceDrawQuad.NoActiveFrame recorded 457 samples, mean = 0.0 (flags = 0x1)
0  ------------------------------------------------------------------------O (457 = 100.0%)
1  ... 

Histogram: Compositing.SurfaceAggregator.SurfaceDrawQuad.ValidSurface recorded 457 samples, mean = 1.0 (flags = 0x1)
0  O                                                                         (1 = 0.2%)
1  ------------------------------------------------------------------------O (456 = 99.8%) {0.2%}
2  ... 

Histogram: ContentSettings.DefaultAutoplaySetting recorded 1 samples, mean = 1.0 (flags = 0x1)
0  O                                                                         (0 = 0.0%)
1  ------------------------------------------------------------------------O (1 = 100.0%) {0.0%}
2  ... 

Histogram: ContentSettings.DefaultCookiesSetting recorded 1 samples, mean = 1.0 (flags = 0x1)
0  O                                                                         (0 = 0.0%)
1  ------------------------------------------------------------------------O (1 = 100.0%) {0.0%}
2  ... 

Histogram: ContentSettings.DefaultImagesSetting recorded 1 samples, mean = 1.0 (flags = 0x1)
0  O                                                                         (0 = 0.0%)
1  ------------------------------------------------------------------------O (1 = 100.0%) {0.0%}
2  ... 

Histogram: ContentSettings.DefaultJavaScriptSetting recorded 1 samples, mean = 1.0 (flags = 0x1)
0  O                                                                         (0 = 0.0%)
1  ------------------------------------------------------------------------O (1 = 100.0%) {0.0%}
2  ... 

Histogram: ContentSettings.DefaultLocationSetting recorded 1 samples, mean = 3.0 (flags = 0x1)
0  ... 
3  ------------------------------------------------------------------------O (1 = 100.0%) {0.0%}
4  ... 

Histogram: ContentSettings.DefaultMIDISysExSetting recorded 1 samples, mean = 3.0 (flags = 0x1)
0  ... 
3  ------------------------------------------------------------------------O (1 = 100.0%) {0.0%}
4  ... 

Histogram: ContentSettings.DefaultMediaStreamCameraSetting recorded 1 samples, mean = 3.0 (flags = 0x1)
0  ... 
3  ------------------------------------------------------------------------O (1 = 100.0%) {0.0%}
4  ... 

Histogram: ContentSettings.DefaultMediaStreamMicSetting recorded 1 samples, mean = 3.0 (flags = 0x1)
0  ... 
3  ------------------------------------------------------------------------O (1 = 100.0%) {0.0%}
4  ... 

Histogram: ContentSettings.DefaultNotificationsSetting recorded 1 samples, mean = 3.0 (flags = 0x1)
0  ... 
3  ------------------------------------------------------------------------O (1 = 100.0%) {0.0%}
4  ... 

Histogram: ContentSettings.DefaultPluginsSetting recorded 1 samples, mean = 5.0 (flags = 0x1)
0  ... 
5  ------------------------------------------------------------------------O (1 = 100.0%) {0.0%}
6  O                                                                         (0 = 0.0%) {100.0%}

Histogram: ContentSettings.DefaultPopupsSetting recorded 1 samples, mean = 2.0 (flags = 0x1)
0  ... 
2  ------------------------------------------------------------------------O (1 = 100.0%) {0.0%}
3  ... 

Histogram: ContentSettings.DefaultWebBluetoothGuardSetting recorded 1 samples, mean = 3.0 (flags = 0x1)
0  ... 
3  ------------------------------------------------------------------------O (1 = 100.0%) {0.0%}
4  ... 

Histogram: ContentSettings.Exceptions.app-banner recorded 1 samples, mean = 0.0 (flags = 0x1)
0  ------------------------------------------------------------------------O (1 = 100.0%)
1  ... 

Histogram: ContentSettings.Exceptions.auto-select-certificate recorded 1 samples, mean = 0.0 (flags = 0x1)
0  ------------------------------------------------------------------------O (1 = 100.0%)
1  ... 

Histogram: ContentSettings.Exceptions.automatic-downloads recorded 1 samples, mean = 0.0 (flags = 0x1)
0  ------------------------------------------------------------------------O (1 = 100.0%)
1  ... 

Histogram: ContentSettings.Exceptions.autoplay recorded 1 samples, mean = 0.0 (flags = 0x1)
0  ------------------------------------------------------------------------O (1 = 100.0%)
1  ... 

Histogram: ContentSettings.Exceptions.background-sync recorded 1 samples, mean = 0.0 (flags = 0x1)
0  ------------------------------------------------------------------------O (1 = 100.0%)
1  ... 

Histogram: ContentSettings.Exceptions.bluetooth-guard recorded 1 samples, mean = 0.0 (flags = 0x1)
0  ------------------------------------------------------------------------O (1 = 100.0%)
1  ... 

Histogram: ContentSettings.Exceptions.cookies recorded 1 samples, mean = 0.0 (flags = 0x1)
0  ------------------------------------------------------------------------O (1 = 100.0%)
1  ... 

Histogram: ContentSettings.Exceptions.durable-storage recorded 1 samples, mean = 0.0 (flags = 0x1)
0  ------------------------------------------------------------------------O (1 = 100.0%)
1  ... 

Histogram: ContentSettings.Exceptions.geolocation recorded 1 samples, mean = 0.0 (flags = 0x1)
0  ------------------------------------------------------------------------O (1 = 100.0%)
1  ... 

Histogram: ContentSettings.Exceptions.images recorded 1 samples, mean = 0.0 (flags = 0x1)
0  ------------------------------------------------------------------------O (1 = 100.0%)
1  ... 

Histogram: ContentSettings.Exceptions.important-site-info recorded 1 samples, mean = 0.0 (flags = 0x1)
0  ------------------------------------------------------------------------O (1 = 100.0%)
1  ... 

Histogram: ContentSettings.Exceptions.javascript recorded 1 samples, mean = 0.0 (flags = 0x1)
0  ------------------------------------------------------------------------O (1 = 100.0%)
1  ... 

Histogram: ContentSettings.Exceptions.media-stream-camera recorded 1 samples, mean = 0.0 (flags = 0x1)
0  ------------------------------------------------------------------------O (1 = 100.0%)
1  ... 

Histogram: ContentSettings.Exceptions.media-stream-mic recorded 1 samples, mean = 0.0 (flags = 0x1)
0  ------------------------------------------------------------------------O (1 = 100.0%)
1  ... 

Histogram: ContentSettings.Exceptions.midi-sysex recorded 1 samples, mean = 0.0 (flags = 0x1)
0  ------------------------------------------------------------------------O (1 = 100.0%)
1  ... 

Histogram: ContentSettings.Exceptions.mixed-script recorded 1 samples, mean = 0.0 (flags = 0x1)
0  ------------------------------------------------------------------------O (1 = 100.0%)
1  ... 

Histogram: ContentSettings.Exceptions.notifications recorded 1 samples, mean = 0.0 (flags = 0x1)
0  ------------------------------------------------------------------------O (1 = 100.0%)
1  ... 

Histogram: ContentSettings.Exceptions.password-protection recorded 1 samples, mean = 0.0 (flags = 0x1)
0  ------------------------------------------------------------------------O (1 = 100.0%)
1  ... 

Histogram: ContentSettings.Exceptions.permission-autoblocking-data recorded 1 samples, mean = 0.0 (flags = 0x1)
0  ------------------------------------------------------------------------O (1 = 100.0%)
1  ... 

Histogram: ContentSettings.Exceptions.plugins recorded 1 samples, mean = 0.0 (flags = 0x1)
0  ------------------------------------------------------------------------O (1 = 100.0%)
1  ... 

Histogram: ContentSettings.Exceptions.popups recorded 1 samples, mean = 0.0 (flags = 0x1)
0  ------------------------------------------------------------------------O (1 = 100.0%)
1  ... 

Histogram: ContentSettings.Exceptions.ppapi-broker recorded 1 samples, mean = 0.0 (flags = 0x1)
0  ------------------------------------------------------------------------O (1 = 100.0%)
1  ... 

Histogram: ContentSettings.Exceptions.prompt-no-decision-count recorded 1 samples, mean = 0.0 (flags = 0x1)
0  ------------------------------------------------------------------------O (1 = 100.0%)
1  ... 

Histogram: ContentSettings.Exceptions.protocol-handler recorded 1 samples, mean = 0.0 (flags = 0x1)
0  ------------------------------------------------------------------------O (1 = 100.0%)
1  ... 

Histogram: ContentSettings.Exceptions.site-engagement recorded 1 samples, mean = 0.0 (flags = 0x1)
0  ------------------------------------------------------------------------O (1 = 100.0%)
1  ... 

Histogram: ContentSettings.Exceptions.ssl-cert-decisions recorded 1 samples, mean = 0.0 (flags = 0x1)
0  ------------------------------------------------------------------------O (1 = 100.0%)
1  ... 

Histogram: ContentSettings.Exceptions.subresource-filter recorded 1 samples, mean = 0.0 (flags = 0x1)
0  ------------------------------------------------------------------------O (1 = 100.0%)
1  ... 

Histogram: ContentSettings.Exceptions.usb-chooser-data recorded 1 samples, mean = 0.0 (flags = 0x1)
0  ------------------------------------------------------------------------O (1 = 100.0%)
1  ... 

Histogram: ContentSettings.NumberOfAllowCookiesExceptions recorded 1 samples, mean = 0.0 (flags = 0x1)
0  ------------------------------------------------------------------------O (1 = 100.0%)
1  ... 

Histogram: ContentSettings.NumberOfBlockCookiesExceptions recorded 1 samples, mean = 0.0 (flags = 0x1)
0  ------------------------------------------------------------------------O (1 = 100.0%)
1  ... 

Histogram: ContentSettings.NumberOfExceptions recorded 1 samples, mean = 0.0 (flags = 0x1)
0  ------------------------------------------------------------------------O (1 = 100.0%)
1  ... 

Histogram: ContentSettings.NumberOfSessionOnlyCookiesExceptions recorded 1 samples, mean = 0.0 (flags = 0x1)
0  ------------------------------------------------------------------------O (1 = 100.0%)
1  ... 

Histogram: Cookie.CookieDeleteEquivalent recorded 0 samples (flags = 0x1)
0 ... 

Histogram: Cookie.CookieSourceScheme recorded 0 samples (flags = 0x1)
0 ... 

Histogram: Cookie.Count recorded 0 samples (flags = 0x1)
0 ... 

Histogram: Cookie.DeletionCause recorded 0 samples (flags = 0x1)
0 ... 

Histogram: Cookie.EvictedLastAccessMinutes recorded 0 samples (flags = 0x1)
0 ... 

Histogram: Cookie.ExpirationDurationMinutes recorded 0 samples (flags = 0x1)
0 ... 

Histogram: Cookie.TimeBlockedOnLoad recorded 0 samples (flags = 0x1)
0 ... 

Histogram: Cookie.Type recorded 0 samples (flags = 0x1)
0 ... 

Histogram: DNS.AttemptCancelled recorded 2 samples, mean = 1.0 (flags = 0x1)
0  O                                                                         (0 = 0.0%)
1  ------------------------------------------------------------------------O (2 = 100.0%) {0.0%}
2  ... 

Histogram: DNS.AttemptDiscarded recorded 4 samples, mean = 1.0 (flags = 0x1)
0  O                                                                         (0 = 0.0%)
1  ------------------------------------------------------------------------O (4 = 100.0%) {0.0%}
2  ... 

Histogram: DNS.AttemptFailDuration recorded 2 samples, mean = 4517.5 (flags = 0x1)
0     ... 
2074  ------------------------------------------------------------------------O (1 = 50.0%) {0.0%}
2394  ... 
6533  ------------------------------------------------------------------------O (1 = 50.0%) {50.0%}
7541  ... 

Histogram: DNS.AttemptFailure recorded 2 samples, mean = 1.0 (flags = 0x1)
0  O                                                                         (0 = 0.0%)
1  ------------------------------------------------------------------------O (2 = 100.0%) {0.0%}
2  ... 

Histogram: DNS.AttemptSuccess recorded 2 samples, mean = 1.0 (flags = 0x1)
0  O                                                                         (0 = 0.0%)
1  ------------------------------------------------------------------------O (2 = 100.0%) {0.0%}
2  ... 

Histogram: DNS.AttemptSuccessDuration recorded 2 samples, mean = 25.0 (flags = 0x1)
0   ... 
21  ------------------------------------------------------------------------O (1 = 50.0%) {0.0%}
24  O                                                                         (0 = 0.0%) {50.0%}
28  ------------------------------------------------------O                   (1 = 50.0%) {50.0%}
32  ... 

Histogram: DNS.AttemptTimeSavedByRetry recorded 2 samples, mean = 47727260.0 (flags = 0x1)
0        ... 
3600000  ------------------------------------------------------------------------O (2 = 100.0%) {0.0%}

Histogram: DNS.EmptyAddressListAndNoError recorded 4 samples, mean = 0.0 (flags = 0x1)
0  ------------------------------------------------------------------------O (4 = 100.0%)
1  ... 

Histogram: DNS.HostCache.Erase recorded 2 samples, mean = 2.0 (flags = 0x1)
0  ... 
2  ------------------------------------------------------------------------O (2 = 100.0%) {0.0%}
3  O                                                                         (0 = 0.0%) {100.0%}

Histogram: DNS.HostCache.EraseValid.ValidFor recorded 2 samples, mean = 42356.0 (flags = 0x1)
0      ... 
37840  ------------------------------------------------------------------------O (2 = 100.0%) {0.0%}
51267  ... 

Histogram: DNS.HostCache.Lookup recorded 10 samples, mean = 0.8 (flags = 0x1)
0  ------------------------------------------------------------------------O (6 = 60.0%)
1  O                                                                         (0 = 0.0%) {60.0%}
2  ------------------------------------------------O                         (4 = 40.0%) {60.0%}
3  ... 

Histogram: DNS.HostCache.Set recorded 2 samples, mean = 0.0 (flags = 0x1)
0  ------------------------------------------------------------------------O (2 = 100.0%)
1  ... 

Histogram: DNS.JobQueueTime recorded 4 samples, mean = 0.0 (flags = 0x1)
0  ------------------------------------------------------------------------O (4 = 100.0%)
1  ... 

Histogram: DNS.JobQueueTimeAfterChange recorded 4 samples, mean = 0.0 (flags = 0x1)
0  ------------------------------------------------------------------------O (4 = 100.0%)
1  ... 

Histogram: DNS.JobQueueTimeAfterChange_HIGHEST recorded 4 samples, mean = 0.0 (flags = 0x1)
0  ------------------------------------------------------------------------O (4 = 100.0%)
1  ... 

Histogram: DNS.JobQueueTime_HIGHEST recorded 4 samples, mean = 0.0 (flags = 0x1)
0  ------------------------------------------------------------------------O (4 = 100.0%)
1  ... 

Histogram: DNS.ResolveCategory recorded 4 samples, mean = 0.5 (flags = 0x1)
0  ------------------------------------------------------------------------O (2 = 50.0%)
1  ------------------------------------------------------------------------O (2 = 50.0%) {50.0%}
2  ... 

Histogram: DNS.ResolveFail recorded 2 samples, mean = 4517.5 (flags = 0x1)
0     ... 
2074  ------------------------------------------------------------------------O (1 = 50.0%) {0.0%}
2394  ... 
6533  ------------------------------------------------------------------------O (1 = 50.0%) {50.0%}
7541  ... 

Histogram: DNS.ResolveFail_FAMILY_UNSPEC recorded 2 samples, mean = 4517.5 (flags = 0x1)
0     ... 
2074  ------------------------------------------------------------------------O (1 = 50.0%) {0.0%}
2394  ... 
6533  ------------------------------------------------------------------------O (1 = 50.0%) {50.0%}
7541  ... 

Histogram: DNS.ResolveSuccess recorded 2 samples, mean = 24.5 (flags = 0x1)
0   ... 
21  ------------------------------------------------------------------------O (1 = 50.0%) {0.0%}
24  O                                                                         (0 = 0.0%) {50.0%}
28  ------------------------------------------------------O                   (1 = 50.0%) {50.0%}
32  ... 

Histogram: DNS.ResolveSuccess_FAMILY_UNSPEC recorded 2 samples, mean = 24.5 (flags = 0x1)
0   ... 
21  ------------------------------------------------------------------------O (1 = 50.0%) {0.0%}
24  O                                                                         (0 = 0.0%) {50.0%}
28  ------------------------------------------------------O                   (1 = 50.0%) {50.0%}
32  ... 

Histogram: DNS.TotalTime recorded 2 samples, mean = 25.0 (flags = 0x1)
0   ... 
21  ------------------------------------------------------------------------O (1 = 50.0%) {0.0%}
24  O                                                                         (0 = 0.0%) {50.0%}
28  ------------------------------------------------------O                   (1 = 50.0%) {50.0%}
32  ... 

Histogram: DirectWrite.Fonts.Proxy.LastResortFontCount recorded 1 samples, mean = 7.0 (flags = 0x1)
0  ... 
7  ------------------------------------------------------------------------O (1 = 100.0%) {0.0%}
8  ... 

Histogram: DirectWrite.Fonts.Proxy.LastResortFontFileCount recorded 1 samples, mean = 9.0 (flags = 0x1)
0  ... 
9  ------------------------------------------------------------------------O (1 = 100.0%) {0.0%}
10 ... 

Histogram: DirectWrite.Fonts.Proxy.LoaderType recorded 14 samples, mean = 0.0 (flags = 0x1)
0  ------------------------------------------------------------------------O (14 = 100.0%)
1  ... 

Histogram: DomainBoundCerts.Support recorded 2 samples, mean = 2.5 (flags = 0x1)
0  ------------------------------------------------------------------------O (1 = 50.0%)
1  ... 
5  ------------------------------------------------------------------------O (1 = 50.0%) {50.0%}
6  O                                                                         (0 = 0.0%) {100.0%}

Histogram: Event.FractionOfTimeWithoutUserInput recorded 1 samples, mean = 19.0 (flags = 0x1)
0   ... 
19  ------------------------------------------------------------------------O (1 = 100.0%) {0.0%}
20  ... 

Histogram: Event.Latency.Browser recorded 906 samples, mean = 0.8 (flags = 0x1)
0  ---------------------------O                                              (237 = 26.2%)
1  ------------------------------------------------------------------------O (633 = 69.9%) {26.2%}
2  ----O                                                                     (33 = 3.6%) {96.0%}
3  O                                                                         (1 = 0.1%) {99.7%}
4  O                                                                         (1 = 0.1%) {99.8%}
5  ... 
9  O                                                                         (1 = 0.1%) {99.9%}
10 ... 

Histogram: Event.Latency.Browser.ET_MOUSE_EXITED recorded 4 samples, mean = 0.5 (flags = 0x1)
0  ------------------------------------------------------------------------O (2 = 50.0%)
1  ------------------------------------------------------------------------O (2 = 50.0%) {50.0%}
2  ... 

Histogram: Event.Latency.Browser.ET_MOUSE_MOVED recorded 886 samples, mean = 0.8 (flags = 0x1)
0  ---------------------------O                                              (230 = 26.0%)
1  ------------------------------------------------------------------------O (621 = 70.1%) {26.0%}
2  ----O                                                                     (32 = 3.6%) {96.0%}
3  O                                                                         (1 = 0.1%) {99.7%}
4  O                                                                         (1 = 0.1%) {99.8%}
5  ... 
9  O                                                                         (1 = 0.1%) {99.9%}
10 ... 

Histogram: Event.Latency.Browser.ET_MOUSE_PRESSED recorded 8 samples, mean = 1.0 (flags = 0x1)
0  ------------O                                                             (1 = 12.5%)
1  ------------------------------------------------------------------------O (6 = 75.0%) {12.5%}
2  ------------O                                                             (1 = 12.5%) {87.5%}
3  ... 

Histogram: Event.Latency.Browser.ET_MOUSE_RELEASED recorded 8 samples, mean = 0.5 (flags = 0x1)
0  ------------------------------------------------------------------------O (4 = 50.0%)
1  ------------------------------------------------------------------------O (4 = 50.0%) {50.0%}
2  ... 

Histogram: Extensions.ExtensionCreationTime.BrowserProcess recorded 1 samples, mean = 1051.0 (flags = 0x1)
0    ... 
932  ------------------------------------------------------------------------O (1 = 100.0%) {0.0%}
1088 ... 

Histogram: Extensions.FeatureProviderStaticInitTime recorded 1 samples, mean = 0.0 (flags = 0x1)
0  ------------------------------------------------------------------------O (1 = 100.0%)
1  ... 

Histogram: GPU.BlacklistFeatureTestResults.Accelerated2dCanvas recorded 2 samples, mean = 0.0 (flags = 0x1)
0  ------------------------------------------------------------------------O (2 = 100.0%)
1  ... 

Histogram: GPU.BlacklistFeatureTestResults.GpuCompositing recorded 2 samples, mean = 0.0 (flags = 0x1)
0  ------------------------------------------------------------------------O (2 = 100.0%)
1  ... 

Histogram: GPU.BlacklistFeatureTestResults.GpuRasterization recorded 2 samples, mean = 1.0 (flags = 0x1)
0  O                                                                         (0 = 0.0%)
1  ------------------------------------------------------------------------O (2 = 100.0%) {0.0%}
2  ... 

Histogram: GPU.BlacklistFeatureTestResults.Webgl recorded 2 samples, mean = 0.0 (flags = 0x1)
0  ------------------------------------------------------------------------O (2 = 100.0%)
1  ... 

Histogram: GPU.BlacklistFeatureTestResults.Webgl2 recorded 2 samples, mean = 2.0 (flags = 0x1)
0  ... 
2  ------------------------------------------------------------------------O (2 = 100.0%) {0.0%}
3  ... 

Histogram: GPU.BlacklistFeatureTestResultsWindows.Accelerated2dCanvas recorded 2 samples, mean = 16.0 (flags = 0x1)
0   ... 
16  ------------------------------------------------------------------------O (2 = 100.0%) {0.0%}
17  ... 

Histogram: GPU.BlacklistFeatureTestResultsWindows.GpuCompositing recorded 2 samples, mean = 16.0 (flags = 0x1)
0   ... 
16  ------------------------------------------------------------------------O (2 = 100.0%) {0.0%}
17  ... 

Histogram: GPU.BlacklistFeatureTestResultsWindows.GpuRasterization recorded 2 samples, mean = 17.0 (flags = 0x1)
0   ... 
17  ------------------------------------------------------------------------O (2 = 100.0%) {0.0%}
18  ... 

Histogram: GPU.BlacklistFeatureTestResultsWindows.Webgl recorded 2 samples, mean = 16.0 (flags = 0x1)
0   ... 
16  ------------------------------------------------------------------------O (2 = 100.0%) {0.0%}
17  ... 

Histogram: GPU.BlacklistFeatureTestResultsWindows.Webgl2 recorded 2 samples, mean = 18.0 (flags = 0x1)
0   ... 
18  ------------------------------------------------------------------------O (2 = 100.0%) {0.0%}
19  ... 

Histogram: GPU.BlacklistTestResultsPerEntry recorded 4 samples, mean = 61.0 (flags = 0x1)
0    ------------------------------------------------------------------------O (2 = 50.0%)
1    ... 
122  ------------------------------------------------------------------------O (2 = 50.0%) {50.0%}
123  ... 

Histogram: GPU.CreateBrowserCompositor recorded 1 samples, mean = 0.0 (flags = 0x1)
0  ------------------------------------------------------------------------O (1 = 100.0%)
1  ... 

Histogram: GPU.D3DShaderModel recorded 1 samples, mean = 4.0 (flags = 0x1)
0  ... 
4  ------------------------------------------------------------------------O (1 = 100.0%) {0.0%}
5  ... 

Histogram: GPU.GPUProcessInitialized recorded 1 samples, mean = 1.0 (flags = 0x1)
0  O                                                                         (0 = 0.0%)
1  ------------------------------------------------------------------------O (1 = 100.0%) {0.0%}
2  O                                                                         (0 = 0.0%) {100.0%}

Histogram: GPU.GPUProcessLaunchTime recorded 1 samples, mean = 106.0 (flags = 0x1)
0   ... 
96  ------------------------------------------------------------------------O (1 = 100.0%) {0.0%}
114 ... 

Histogram: GPU.GPUProcessLifetimeEvents recorded 1 samples, mean = 0.0 (flags = 0x1)
0  ------------------------------------------------------------------------O (1 = 100.0%)
1  ... 

Histogram: GPU.GPUProcessSoftwareRendering recorded 1 samples, mean = 0.0 (flags = 0x1)
0  ------------------------------------------------------------------------O (1 = 100.0%)
1  ... 

Histogram: GPU.GPUProcessTerminationStatus recorded 1 samples, mean = 4.0 (flags = 0x1)
0  ... 
4  ------------------------------------------------------------------------O (1 = 100.0%) {0.0%}
5  ... 

Histogram: HttpCache.EntryLockWait recorded 4 samples, mean = 0.0 (flags = 0x1)
0  ------------------------------------------------------------------------O (4 = 100.0%)
1  ... 

Histogram: MPArch.ChildProcessLaunchFirst recorded 1 samples, mean = 94.0 (flags = 0x1)
0   ... 
81  ------------------------------------------------------------------------O (1 = 100.0%) {0.0%}
96  ... 

Histogram: MPArch.ChildProcessLaunchSubsequent recorded 1 samples, mean = 37.0 (flags = 0x1)
0   ... 
34  ------------------------------------------------------------------------O (1 = 100.0%) {0.0%}
40  ... 

Histogram: MPArch.RWH_DidUpdateBackingStore recorded 1 samples, mean = 0.0 (flags = 0x1)
0  ------------------------------------------------------------------------O (1 = 100.0%)
1  ... 

Histogram: MPArch.RWH_HangMonitorUnresponsive recorded 880 samples, mean = 0.3 (flags = 0x1)
0   ------------------------------------------------------------------------O (741 = 84.2%)
1   -----------O                                                              (118 = 13.4%) {84.2%}
2   -O                                                                        (9 = 1.0%) {97.6%}
3   O                                                                         (3 = 0.3%) {98.6%}
4   ... 
6   O                                                                         (1 = 0.1%) {99.0%}
7   O                                                                         (0 = 0.0%) {99.1%}
8   O                                                                         (2 = 0.2%) {99.1%}
10  ... 
14  O                                                                         (4 = 0.5%) {99.3%}
17  O                                                                         (0 = 0.0%) {99.8%}
20  O                                                                         (1 = 0.1%) {99.8%}
24  O                                                                         (0 = 0.0%) {99.9%}
29  O                                                                         (1 = 0.1%) {99.9%}
34  ... 

Histogram: MPArch.RWH_OnMsgUpdateRect recorded 1 samples, mean = 0.0 (flags = 0x1)
0  ------------------------------------------------------------------------O (1 = 100.0%)
1  ... 

Histogram: Media.AudioThreadStatus recorded 1 samples, mean = 1.0 (flags = 0x1)
0  O                                                                         (0 = 0.0%)
1  ------------------------------------------------------------------------O (1 = 100.0%) {0.0%}
2  ... 

Histogram: Memory.PressureLevel recorded 3 samples, mean = 0.0 (flags = 0x1)
0  ------------------------------------------------------------------------O (3 = 100.0%)
1  ... 

Histogram: Mojo.System.MessagesAcceptedPerEvent recorded 39 samples, mean = 7.8 (flags = 0x1)
0   ... 
4   ------------------------------------------------------------------------O (20 = 51.3%) {0.0%}
5   -----------O                                                              (3 = 7.7%) {51.3%}
6   -------O                                                                  (2 = 5.1%) {59.0%}
7   ----O                                                                     (1 = 2.6%) {64.1%}
8   ----------------------O                                                   (6 = 15.4%) {66.7%}
9   ----O                                                                     (1 = 2.6%) {82.1%}
10  ... 
16  -------O                                                                  (4 = 10.3%) {84.6%}
18  --O                                                                       (1 = 2.6%) {94.9%}
20  ... 
49  -O                                                                        (1 = 2.6%) {97.4%}
54  ... 

Histogram: Mojo.System.Node.ConnectedPeers recorded 3 samples, mean = 1.3 (flags = 0x1)
0  O                                                                         (0 = 0.0%)
1  ------------------------------------------------------------------------O (2 = 66.7%) {0.0%}
2  ------------------------------------O                                     (1 = 33.3%) {66.7%}
3  ... 

Histogram: Mojo.System.Node.PendingChildren recorded 3 samples, mean = 1.0 (flags = 0x1)
0  ------------------------------------------------------------------------O (1 = 33.3%)
1  ------------------------------------------------------------------------O (1 = 33.3%) {33.3%}
2  ------------------------------------------------------------------------O (1 = 33.3%) {66.7%}
3  ... 

Histogram: Navigation.RedirectChainSize recorded 1 samples, mean = 127.0 (flags = 0x1)
0    ... 
113  ------------------------------------------------------------------------O (1 = 100.0%) {0.0%}
149  ... 

Histogram: Navigation.TimeToCommit recorded 1 samples, mean = 356.0 (flags = 0x1)
0    ... 
318  ------------------------------------------------------------------------O (1 = 100.0%) {0.0%}
378  ... 

Histogram: Navigation.TimeToCommit_NewRenderer_BeforeUnloadDiscounted recorded 1 samples, mean = 356.0 (flags = 0x1)
0    ... 
318  ------------------------------------------------------------------------O (1 = 100.0%) {0.0%}
378  ... 

Histogram: Navigation.TimeToURLJobStart recorded 1 samples, mean = 288.0 (flags = 0x1)
0    ... 
268  ------------------------------------------------------------------------O (1 = 100.0%) {0.0%}
318  ... 

Histogram: Navigation.TimeToURLJobStart_NewRenderer_BeforeUnloadDiscounted recorded 1 samples, mean = 288.0 (flags = 0x1)
0    ... 
268  ------------------------------------------------------------------------O (1 = 100.0%) {0.0%}
318  ... 

Histogram: Net.AlternativeServiceTypeForRequest recorded 4 samples, mean = 0.0 (flags = 0x1)
0  ------------------------------------------------------------------------O (4 = 100.0%)
1  ... 

Histogram: Net.CertVerifier_First_Job_Latency recorded 1 samples, mean = 35.0 (flags = 0x1)
0   ... 
33  ------------------------------------------------------------------------O (1 = 100.0%) {0.0%}
37  ... 

Histogram: Net.CertVerifier_Job_Latency recorded 2 samples, mean = 20.5 (flags = 0x1)
0   ... 
6   ------------------------------------------------------------------------O (1 = 50.0%) {0.0%}
7   ... 
33  ------------------O                                                       (1 = 50.0%) {50.0%}
37  ... 

Histogram: Net.Certificate.SHA1.Subresource recorded 4 samples, mean = 0.0 (flags = 0x1)
0  ------------------------------------------------------------------------O (4 = 100.0%)
1  ... 

Histogram: Net.CertificateTransparency.SCTOrigin recorded 4 samples, mean = 1.0 (flags = 0x1)
0  O                                                                         (0 = 0.0%)
1  ------------------------------------------------------------------------O (4 = 100.0%) {0.0%}
2  ... 

Histogram: Net.CertificateTransparency.SCTStatus recorded 4 samples, mean = 3.0 (flags = 0x1)
0  ... 
3  ------------------------------------------------------------------------O (4 = 100.0%) {0.0%}
4  ... 

Histogram: Net.CertificateTransparency.SCTsPerConnection recorded 2 samples, mean = 2.0 (flags = 0x1)
0  ... 
2  ------------------------------------------------------------------------O (2 = 100.0%) {0.0%}
3  ... 

Histogram: Net.ConnectionUsedSSLDeprecatedCipherFallback2 recorded 4 samples, mean = 0.0 (flags = 0x1)
0  ------------------------------------------------------------------------O (4 = 100.0%)
1  ... 

Histogram: Net.DNS_Resolution_And_TCP_Connection_Latency2 recorded 2 samples, mean = 57.0 (flags = 0x1)
0   ... 
54  ------------------------------------------------------------------------O (2 = 100.0%) {0.0%}
61  ... 

Histogram: Net.ErrorCodesForImages recorded 1 samples (flags = 0x1)
0  ------------------------------------------------------------------------O (1 = 100.0%)

Histogram: Net.ErrorCodesForMainFrame3 recorded 1 samples (flags = 0x1)
0  ------------------------------------------------------------------------O (1 = 100.0%)

Histogram: Net.ErrorCodesForSubresources2 recorded 9 samples (flags = 0x1)
0  ------------------------------------------------------------------------O (9 = 100.0%)

Histogram: Net.HttpAuthCacheLookupByPathPosition recorded 1 samples, mean = 0.0 (flags = 0x1)
0  ------------------------------------------------------------------------O (1 = 100.0%)
1  ... 

Histogram: Net.HttpJob.PrefilterBytesRead recorded 4 samples, mean = 11860.8 (flags = 0x1)
0      ... 
1004   ------------------------O                                                 (1 = 25.0%) {0.0%}
1440   ... 
12523  ------------------------------------------------------------------------O (3 = 75.0%) {25.0%}
17959  ... 

Histogram: Net.HttpJob.PrefilterBytesRead.Net recorded 4 samples, mean = 11860.8 (flags = 0x1)
0      ... 
1004   ------------------------O                                                 (1 = 25.0%) {0.0%}
1440   ... 
12523  ------------------------------------------------------------------------O (3 = 75.0%) {25.0%}
17959  ... 

Histogram: Net.HttpJob.TotalTime recorded 4 samples, mean = 452.3 (flags = 0x1)
0     ... 
48    ------------------------------------------------------------------------O (1 = 25.0%) {0.0%}
57    ... 
160   ------------------------------------------------------------------------O (1 = 25.0%) {25.0%}
190   ... 
378   ------------------------------------------------------------------------O (1 = 25.0%) {50.0%}
449   ... 
1062  ------------------------------------------------------------------------O (1 = 25.0%) {75.0%}
1262  ... 

Histogram: Net.HttpJob.TotalTime.Secure.NotQuic recorded 4 samples, mean = 452.3 (flags = 0x1)
0     ... 
41    ------------------------------------------------------------------------O (1 = 25.0%) {0.0%}
50    ... 
171   ------------------------------------------------------------------------O (1 = 25.0%) {25.0%}
210   ... 
389   ------------------------------------------------------------------------O (1 = 25.0%) {50.0%}
477   ... 
1081  ------------------------------------------------------------------------O (1 = 25.0%) {75.0%}
1326  ... 

Histogram: Net.HttpJob.TotalTimeNotCached recorded 4 samples, mean = 452.3 (flags = 0x1)
0     ... 
48    ------------------------------------------------------------------------O (1 = 25.0%) {0.0%}
57    ... 
160   ------------------------------------------------------------------------O (1 = 25.0%) {25.0%}
190   ... 
378   ------------------------------------------------------------------------O (1 = 25.0%) {50.0%}
449   ... 
1062  ------------------------------------------------------------------------O (1 = 25.0%) {75.0%}
1262  ... 

Histogram: Net.HttpJob.TotalTimeNotCached.Secure.NotQuic recorded 4 samples, mean = 452.3 (flags = 0x1)
0     ... 
41    ------------------------------------------------------------------------O (1 = 25.0%) {0.0%}
50    ... 
171   ------------------------------------------------------------------------O (1 = 25.0%) {25.0%}
210   ... 
389   ------------------------------------------------------------------------O (1 = 25.0%) {50.0%}
477   ... 
1081  ------------------------------------------------------------------------O (1 = 25.0%) {75.0%}
1326  ... 

Histogram: Net.HttpJob.TotalTimeSuccess recorded 4 samples, mean = 452.3 (flags = 0x1)
0     ... 
48    ------------------------------------------------------------------------O (1 = 25.0%) {0.0%}
57    ... 
160   ------------------------------------------------------------------------O (1 = 25.0%) {25.0%}
190   ... 
378   ------------------------------------------------------------------------O (1 = 25.0%) {50.0%}
449   ... 
1062  ------------------------------------------------------------------------O (1 = 25.0%) {75.0%}
1262  ... 

Histogram: Net.HttpResponseCode recorded 5 samples, mean = 200.0 (flags = 0x1)
0    ... 
200  ------------------------------------------------------------------------O (5 = 100.0%) {0.0%}
201  ... 

Histogram: Net.HttpResponseInfo.ConnectionInfo.SubResource recorded 4 samples, mean = 4.0 (flags = 0x1)
0  ... 
4  ------------------------------------------------------------------------O (4 = 100.0%) {0.0%}
5  ... 

Histogram: Net.HttpStreamFactoryJob.StreamReadyCallbackTime recorded 2 samples, mean = 0.0 (flags = 0x1)
0  ------------------------------------------------------------------------O (2 = 100.0%)
1  ... 

Histogram: Net.HttpTimeToFirstByte recorded 4 samples, mean = 354.5 (flags = 0x1)
0     ... 
41    ------------------------------------------------------------------------O (1 = 25.0%) {0.0%}
50    ------------------------------------------------------------------------O (1 = 25.0%) {25.0%}
61    ... 
139   ------------------------------------------------------------------------O (1 = 25.0%) {50.0%}
171   ... 
1081  ------------------------------------------------------------------------O (1 = 25.0%) {75.0%}
1326  ... 

Histogram: Net.JobControllerSet.CountOfJobControllerAtShutDown recorded 2 samples, mean = 0.0 (flags = 0x1)
0  ------------------------------------------------------------------------O (2 = 100.0%)
1  ... 

Histogram: Net.NotifyAddrChangeFailures recorded 1 samples, mean = 0.0 (flags = 0x1)
0  ------------------------------------------------------------------------O (1 = 100.0%)
1  ... 

Histogram: Net.OCSPResponseStapled recorded 2 samples, mean = 0.0 (flags = 0x1)
0  ------------------------------------------------------------------------O (2 = 100.0%)
1  ... 

Histogram: Net.OSErrorsForGetAddrinfo_Win recorded 2 samples, mean = 11001.0 (flags = 0x1)
0      ... 
11001  ------------------------------------------------------------------------O (2 = 100.0%) {0.0%}
11002  ... 

Histogram: Net.PreconnectUtilization2 recorded 2 samples, mean = 2.0 (flags = 0x1)
0  ... 
2  ------------------------------------------------------------------------O (2 = 100.0%) {0.0%}
3  ... 

Histogram: Net.ProxyService.ResolveProxyTime recorded 4 samples, mean = 253.3 (flags = 0x1)
0    ------------------------------------------------------------------------O (3 = 75.0%)
1    ... 
983  -----O                                                                    (1 = 25.0%) {75.0%}
1187 ... 

Histogram: Net.ProxyService.ResolvedUsingScript recorded 4 samples, mean = 0.0 (flags = 0x1)
0  ------------------------------------------------------------------------O (4 = 100.0%)
1  ... 

Histogram: Net.ProxyService.ScriptTerminatedOnInit recorded 1 samples, mean = 0.0 (flags = 0x1)
0  ------------------------------------------------------------------------O (1 = 100.0%)
1  ... 

Histogram: Net.QuicSession.CloseAllSessionsError recorded 1 samples (flags = 0x1)
3  ------------------------------------------------------------------------O (1 = 100.0%)

Histogram: Net.QuicSession.PreferAesGcm recorded 1 samples, mean = 1.0 (flags = 0x1)
0  O                                                                         (0 = 0.0%)
1  ------------------------------------------------------------------------O (1 = 100.0%) {0.0%}
2  O                                                                         (0 = 0.0%) {100.0%}

Histogram: Net.RequestTime2.Success recorded 1 samples, mean = 59.0 (flags = 0x1)
0   ... 
47  ------------------------------------------------------------------------O (1 = 100.0%) {0.0%}
64  ... 

Histogram: Net.ResourceLoader.ExpectedContentSizeResult recorded 10 samples, mean = 1.0 (flags = 0x1)
0  ------------------------------------------------------------------------O (8 = 80.0%)
1  ... 
5  ------------------O                                                       (2 = 20.0%) {80.0%}
6  O                                                                         (0 = 0.0%) {100.0%}

Histogram: Net.ResourceLoader.ReadDeferral recorded 1 samples, mean = 0.0 (flags = 0x1)
0  ------------------------------------------------------------------------O (1 = 100.0%)
1  ... 

Histogram: Net.ResourceLoader.ResponseStartToEnd.LT_2kB recorded 7 samples, mean = 3907.0 (flags = 0x1)
0      ... 
234    ------------------------------------------------O                         (2 = 28.6%) {0.0%}
260    ------------------------O                                                 (1 = 14.3%) {28.6%}
289    ... 
738    ------------------------------------------------------------------------O (3 = 42.9%) {42.9%}
819    ... 
23166  ------------------------O                                                 (1 = 14.3%) {85.7%}
25717  ... 

Histogram: Net.ResourceLoader.ResponseStartToEnd.LT_32kB recorded 3 samples, mean = 130749.0 (flags = 0x1)
0       ... 
4355    ------------------------------------------------------------------------O (1 = 33.3%) {0.0%}
4835    ... 
39057   ------------------------------------------------------------------------O (1 = 33.3%) {33.3%}
43358   ... 
100000  ------------------------------------------------------------------------O (1 = 33.3%) {66.7%}

Histogram: Net.SSLCertVerificationTime recorded 2 samples, mean = 20.5 (flags = 0x1)
0   ... 
6   ------------------------------------------------------------------------O (1 = 50.0%) {0.0%}
7   ... 
34  --------------O                                                           (1 = 50.0%) {50.0%}
40  ... 

Histogram: Net.SSLNegotiatedAlpnProtocol recorded 2 samples, mean = 2.0 (flags = 0x1)
0  ... 
2  ------------------------------------------------------------------------O (2 = 100.0%) {0.0%}
3  ... 

Histogram: Net.SSLSignatureAlgorithm recorded 2 samples (flags = 0x1)
1027  ------------------------------------------------------------------------O (2 = 100.0%)

Histogram: Net.SSLVersion recorded 2 samples, mean = 5.0 (flags = 0x1)
0  ... 
5  ------------------------------------------------------------------------O (2 = 100.0%) {0.0%}
6  ... 

Histogram: Net.SSL_AuthRootConsistency recorded 2 samples, mean = 3.0 (flags = 0x1)
0  ... 
3  ------------------------------------------------------------------------O (2 = 100.0%) {0.0%}
4  O                                                                         (0 = 0.0%) {100.0%}

Histogram: Net.SSL_CipherSuite recorded 2 samples (flags = 0x1)
49195  ------------------------------------------------------------------------O (2 = 100.0%)

Histogram: Net.SSL_Connection_Error recorded 2 samples (flags = 0x1)
0  ------------------------------------------------------------------------O (2 = 100.0%)

Histogram: Net.SSL_Connection_Latency_2 recorded 2 samples, mean = 59.5 (flags = 0x1)
0   ... 
51  ------------------------------------------------------------------------O (1 = 50.0%) {0.0%}
56  O                                                                         (0 = 0.0%) {50.0%}
62  ------------------------------------------------------------------------O (1 = 50.0%) {50.0%}
68  ... 

Histogram: Net.SSL_Connection_Latency_Full_Handshake recorded 2 samples, mean = 59.5 (flags = 0x1)
0   ... 
51  ------------------------------------------------------------------------O (1 = 50.0%) {0.0%}
56  O                                                                         (0 = 0.0%) {50.0%}
62  ------------------------------------------------------------------------O (1 = 50.0%) {50.0%}
68  ... 

Histogram: Net.SSL_KeyExchange.ECDHE recorded 2 samples (flags = 0x1)
29  ------------------------------------------------------------------------O (2 = 100.0%)

Histogram: Net.Socket.IdleSocketFate recorded 4 samples, mean = 3.0 (flags = 0x1)
0  ... 
3  ------------------------------------------------------------------------O (4 = 100.0%) {0.0%}
4  ... 

Histogram: Net.SpdyHeadersCompressionPercentage recorded 4 samples, mean = 68.5 (flags = 0x1)
0   ... 
50  ------------------------------------------------------------------------O (1 = 25.0%) {0.0%}
51  ... 
53  ------------------------------------------------------------------------O (1 = 25.0%) {25.0%}
54  ... 
85  ------------------------------------------------------------------------O (1 = 25.0%) {50.0%}
86  ------------------------------------------------------------------------O (1 = 25.0%) {75.0%}
87  ... 

Histogram: Net.SpdyRecvBytes recorded 4 samples, mean = 11860.8 (flags = 0x1)
0      ... 
1023   ------------------------O                                                 (1 = 25.0%) {0.0%}
1347   ... 
12196  ------------------------------------------------------------------------O (3 = 75.0%) {25.0%}
16063  ... 

Histogram: Net.SpdySendBytes recorded 4 samples, mean = 0.0 (flags = 0x1)
0  ------------------------------------------------------------------------O (4 = 100.0%)
1  ... 

Histogram: Net.SpdySession.ClosedOnError recorded 2 samples (flags = 0x1)
3  ------------------------------------------------------------------------O (2 = 100.0%)

Histogram: Net.SpdySession.CreateStreamWithSocketConnected recorded 4 samples, mean = 1.0 (flags = 0x1)
0  O                                                                         (0 = 0.0%)
1  ------------------------------------------------------------------------O (4 = 100.0%) {0.0%}
2  O                                                                         (0 = 0.0%) {100.0%}

Histogram: Net.SpdySession.PushedAndUnclaimedBytes recorded 2 samples, mean = 0.0 (flags = 0x1)
0  ------------------------------------------------------------------------O (2 = 100.0%)
1  ... 

Histogram: Net.SpdySession.PushedBytes recorded 2 samples, mean = 0.0 (flags = 0x1)
0  ------------------------------------------------------------------------O (2 = 100.0%)
1  ... 

Histogram: Net.SpdySessionGet recorded 4 samples, mean = 2.0 (flags = 0x1)
0  O                                                                         (0 = 0.0%)
1  ------------------------------------------------------------------------O (2 = 50.0%) {0.0%}
2  O                                                                         (0 = 0.0%) {50.0%}
3  ------------------------------------------------------------------------O (2 = 50.0%) {50.0%}
4  O                                                                         (0 = 0.0%) {100.0%}

Histogram: Net.SpdyStreamDownloadTime recorded 4 samples, mean = 97.8 (flags = 0x1)
0    ------------------------------------------------------------------------O (1 = 25.0%)
1    ... 
4    ------------------------------------------------------------------------O (1 = 25.0%) {25.0%}
5    ... 
40   --------------O                                                           (1 = 25.0%) {50.0%}
48   ... 
318  --------------O                                                           (1 = 25.0%) {75.0%}
378  ... 

Histogram: Net.SpdyStreamTime recorded 4 samples, mean = 139.5 (flags = 0x1)
0    ... 
34   ------------------------------------------------------------------------O (1 = 25.0%) {0.0%}
40   O                                                                         (0 = 0.0%) {25.0%}
48   ------------------------------------------------------------------------O (1 = 25.0%) {25.0%}
57   O                                                                         (0 = 0.0%) {50.0%}
68   ------------------------------------------------------------------------O (1 = 25.0%) {50.0%}
81   ... 
378  ------------------------------------------------------------------------O (1 = 25.0%) {75.0%}
449  ... 

Histogram: Net.SpdyStreamTimeToFirstByte recorded 4 samples, mean = 41.0 (flags = 0x1)
0   ... 
34  ------------------------------------------------------------------------O (2 = 50.0%) {0.0%}
40  ------------------------------------O                                     (1 = 25.0%) {50.0%}
48  ------------------------------------O                                     (1 = 25.0%) {75.0%}
57  ... 

Histogram: Net.SpdyStreamsAbandonedPerSession recorded 2 samples, mean = 0.0 (flags = 0x1)
0  ------------------------------------------------------------------------O (2 = 100.0%)
1  ... 

Histogram: Net.SpdyStreamsPerSession recorded 2 samples, mean = 2.0 (flags = 0x1)
0  O                                                                         (0 = 0.0%)
1  ------------------------------------------------------------------------O (1 = 50.0%) {0.0%}
2  O                                                                         (0 = 0.0%) {50.0%}
3  ------------------------------------------------------------------------O (1 = 50.0%) {50.0%}
4  ... 

Histogram: Net.SpdyStreamsPushedAndClaimedPerSession recorded 2 samples, mean = 0.0 (flags = 0x1)
0  ------------------------------------------------------------------------O (2 = 100.0%)
1  ... 

Histogram: Net.SpdyStreamsPushedPerSession recorded 2 samples, mean = 0.0 (flags = 0x1)
0  ------------------------------------------------------------------------O (2 = 100.0%)
1  ... 

Histogram: Net.TCP_Connection_Latency recorded 2 samples, mean = 32.0 (flags = 0x1)
0   ... 
23  ------------------------------------------------------------------------O (1 = 50.0%) {0.0%}
26  ... 
37  -------------------------------------------O                              (1 = 50.0%) {50.0%}
42  ... 

Histogram: Net.TCP_Connection_Latency_IPv6_Raceable recorded 2 samples, mean = 32.0 (flags = 0x1)
0   ... 
23  ------------------------------------------------------------------------O (1 = 50.0%) {0.0%}
26  ... 
37  -------------------------------------------O                              (1 = 50.0%) {50.0%}
42  ... 

Histogram: Net.TokenBinding.Support recorded 4 samples, mean = 0.0 (flags = 0x1)
0  ------------------------------------------------------------------------O (4 = 100.0%)
1  ... 

Histogram: Net.UDPSocketWinClose recorded 3 samples, mean = 0.0 (flags = 0x1)
0  ------------------------------------------------------------------------O (3 = 100.0%)
1  ... 

Histogram: Net.ValidDNSName recorded 12 samples, mean = 1.0 (flags = 0x1)
0  O                                                                         (0 = 0.0%)
1  ------------------------------------------------------------------------O (12 = 100.0%) {0.0%}
2  O                                                                         (0 = 0.0%) {100.0%}

Histogram: Net.WpadQuickCheckFailure recorded 2 samples, mean = 1000.0 (flags = 0x1)
0    ... 
894  ------------------------------------------------------------------------O (2 = 100.0%) {0.0%}
1062 ... 

Histogram: PluginFinder.BuiltInPluginList.ErrorCode recorded 1 samples, mean = 0.0 (flags = 0x1)
0  ------------------------------------------------------------------------O (1 = 100.0%)
1  ... 

Histogram: Renderer4.renderPassCount recorded 457 samples, mean = 1.0 (flags = 0x1)
0  O                                                                         (0 = 0.0%)
1  ------------------------------------------------------------------------O (456 = 99.8%) {0.0%}
2  O                                                                         (1 = 0.2%) {99.8%}
3  ... 

Histogram: Scheduling.Browser.ActivateDuration2 recorded 2 samples, mean = 3.0 (flags = 0x1)
0  ... 
2  ------------------------------------------------------------------------O (1 = 50.0%) {0.0%}
4  ------------------------------------------------------------------------O (1 = 50.0%) {50.0%}
8  ... 

Histogram: Scheduling.Browser.BeginImplFrameLatency2 recorded 2 samples, mean = 670.5 (flags = 0x1)
0    ... 
517  ------------------------------------------------------------------------O (1 = 50.0%) {0.0%}
646  ------------------------------------------------------------------------O (1 = 50.0%) {50.0%}
808  ... 

Histogram: Scheduling.Browser.BeginMainFrameQueueDurationCritical2 recorded 2 samples, mean = 6.5 (flags = 0x1)
0  ... 
4  ------------------------------------------------------------------------O (1 = 50.0%) {0.0%}
8  ------------------------------------------------------------------------O (1 = 50.0%) {50.0%}
16 ... 

Histogram: Scheduling.Browser.BeginMainFrameStartToCommitDuration2 recorded 2 samples, mean = 233.5 (flags = 0x1)
0    ... 
87   ------------------------------------------------------------------------O (1 = 50.0%) {0.0%}
108  ... 
331  ------------------------------------------------------------------------O (1 = 50.0%) {50.0%}
414  ... 

Histogram: Scheduling.Browser.CommitToReadyToActivateDuration2 recorded 2 samples, mean = 68.0 (flags = 0x1)
0    ... 
16   ------------------------------------------------------------------------O (1 = 50.0%) {0.0%}
32   ... 
108  ------------------------------------------------------------------------O (1 = 50.0%) {50.0%}
136  ... 

Histogram: Scheduling.Browser.DrawDuration2 recorded 2 samples, mean = 88.0 (flags = 0x1)
0    ... 
32   ------------------------------------------------------------------------O (1 = 50.0%) {0.0%}
64   ... 
136  ------------------------------------------------------------------------O (1 = 50.0%) {50.0%}
169  ... 

Histogram: Scheduling.Browser.MainAndImplFrameTimeDelta2 recorded 2 samples, mean = 0.0 (flags = 0x1)
0  ------------------------------------------------------------------------O (2 = 100.0%)
1  ... 

Histogram: Scheduling.Browser.PrepareTilesDuration2 recorded 3 samples, mean = 28.0 (flags = 0x1)
0   ... 
8   ------------------------------------------------------------------------O (1 = 33.3%) {0.0%}
16  ------------------------------------------------------------------------O (1 = 33.3%) {33.3%}
32  ------------------------------------------------------------------------O (1 = 33.3%) {66.7%}
64  ... 

Histogram: Scheduling.Browser.SwapAckWasFast recorded 2 samples, mean = 1.0 (flags = 0x1)
0  O                                                                         (0 = 0.0%)
1  ------------------------------------------------------------------------O (2 = 100.0%) {0.0%}
2  O                                                                         (0 = 0.0%) {100.0%}

Histogram: Scheduling.Browser.SwapToAckLatency2 recorded 2 samples, mean = 91.0 (flags = 0x1)
0    ... 
64   ------------------------------------------------------------------------O (1 = 50.0%) {0.0%}
87   O                                                                         (0 = 0.0%) {50.0%}
108  ------------------------------------------------------------------------O (1 = 50.0%) {50.0%}
136  ... 

Histogram: ServiceWorkerCache.BackgroundSyncManager.Scheduler.IsOperationSlow recorded 1 samples, mean = 0.0 (flags = 0x1)
0  ------------------------------------------------------------------------O (1 = 100.0%)
1  ... 

Histogram: ServiceWorkerCache.BackgroundSyncManager.Scheduler.OperationDuration recorded 1 samples, mean = 4.0 (flags = 0x1)
0  ... 
4  ------------------------------------------------------------------------O (1 = 100.0%) {0.0%}
5  ... 

Histogram: ServiceWorkerCache.BackgroundSyncManager.Scheduler.QueueDuration recorded 1 samples, mean = 0.0 (flags = 0x1)
0  ------------------------------------------------------------------------O (1 = 100.0%)
1  ... 

Histogram: ServiceWorkerCache.BackgroundSyncManager.Scheduler.QueueLength recorded 1 samples, mean = 0.0 (flags = 0x1)
0  ------------------------------------------------------------------------O (1 = 100.0%)
1  ... 

Histogram: SessionRestore.FrameUniqueNameLength recorded 1 samples, mean = 0.0 (flags = 0x1)
0  ------------------------------------------------------------------------O (1 = 100.0%)
1  ... 

Histogram: SharedMemory.CreateError recorded 122 samples, mean = 0.0 (flags = 0x1)
0  ------------------------------------------------------------------------O (122 = 100.0%)
1  ... 

Histogram: Startup.BrowserMainRunnerImplInitializeLongTime recorded 1 samples, mean = 30.0 (flags = 0x1)
0   ... 
28  ------------------------------------------------------------------------O (1 = 100.0%) {0.0%}
32  ... 

Histogram: Startup.BrowserMainRunnerImplInitializeStep1Time recorded 1 samples, mean = 8.0 (flags = 0x1)
0  ... 
8  ------------------------------------------------------------------------O (1 = 100.0%) {0.0%}
10 ... 

Histogram: Startup.BrowserMainRunnerImplInitializeStep2Time recorded 1 samples, mean = 22.0 (flags = 0x1)
0   ... 
20  ------------------------------------------------------------------------O (1 = 100.0%) {0.0%}
24  ... 

Histogram: Storage.Blob.MaxDiskSpace recorded 1 samples, mean = 0.0 (flags = 0x1)
0  ------------------------------------------------------------------------O (1 = 100.0%)
1  ... 

Histogram: TaskScheduler.DetachDuration.BackgroundBlockingPool recorded 0 samples (flags = 0x1)
0 ... 

Histogram: TaskScheduler.DetachDuration.BackgroundPool recorded 0 samples (flags = 0x1)
0 ... 

Histogram: TaskScheduler.DetachDuration.ForegroundBlockingPool recorded 0 samples (flags = 0x1)
0 ... 

Histogram: TaskScheduler.DetachDuration.ForegroundPool recorded 0 samples (flags = 0x1)
0 ... 

Histogram: TaskScheduler.NumTasksBeforeDetach.BackgroundBlockingPool recorded 0 samples (flags = 0x1)
0 ... 

Histogram: TaskScheduler.NumTasksBeforeDetach.BackgroundPool recorded 0 samples (flags = 0x1)
0 ... 

Histogram: TaskScheduler.NumTasksBeforeDetach.ForegroundBlockingPool recorded 0 samples (flags = 0x1)
0 ... 

Histogram: TaskScheduler.NumTasksBeforeDetach.ForegroundPool recorded 0 samples (flags = 0x1)
0 ... 

Histogram: TaskScheduler.NumTasksBetweenWaits.BackgroundBlockingPool recorded 0 samples (flags = 0x1)
0 ... 

Histogram: TaskScheduler.NumTasksBetweenWaits.BackgroundPool recorded 0 samples (flags = 0x1)
0 ... 

Histogram: TaskScheduler.NumTasksBetweenWaits.ForegroundBlockingPool recorded 0 samples (flags = 0x1)
0 ... 

Histogram: TaskScheduler.NumTasksBetweenWaits.ForegroundPool recorded 0 samples (flags = 0x1)
0 ... 

Histogram: TaskScheduler.TaskLatency.BackgroundTaskPriority recorded 0 samples (flags = 0x1)
0 ... 

Histogram: TaskScheduler.TaskLatency.BackgroundTaskPriority.MayBlock recorded 1 samples, mean = 2.0 (flags = 0x1)
0  ... 
2  ------------------------------------------------------------------------O (1 = 100.0%) {0.0%}
3  ... 

Histogram: TaskScheduler.TaskLatency.UserBlockingTaskPriority recorded 0 samples (flags = 0x1)
0 ... 

Histogram: TaskScheduler.TaskLatency.UserBlockingTaskPriority.MayBlock recorded 0 samples (flags = 0x1)
0 ... 

Histogram: TaskScheduler.TaskLatency.UserVisibleTaskPriority recorded 0 samples (flags = 0x1)
0 ... 

Histogram: TaskScheduler.TaskLatency.UserVisibleTaskPriority.MayBlock recorded 1 samples, mean = 0.0 (flags = 0x1)
0  ------------------------------------------------------------------------O (1 = 100.0%)
1  ... 

Histogram: TileManager.ExceededMemoryBudget recorded 3 samples, mean = 0.0 (flags = 0x1)
0  ------------------------------------------------------------------------O (3 = 100.0%)
1  ... 

Histogram: TrackedObjects.GetRetiredOrCreateThreadData recorded 31 samples, mean = 0.0 (flags = 0x1)
0  ------------------------------------------------------------------------O (31 = 100.0%)
1  ... 

Histogram: UI.DeviceScale recorded 1 samples (flags = 0x1)
100  ------------------------------------------------------------------------O (1 = 100.0%)

Histogram: UMA.Histograms.Activity recorded 825 samples, mean = 4.2 (flags = 0x1)
0  O                                                                         (1 = 0.1%)
1  ------------------------------------------------------------------------O (265 = 32.1%) {0.1%}
2  --------O                                                                 (29 = 3.5%) {32.2%}
3  ------------------------------------------O                               (156 = 18.9%) {35.8%}
4  ------------------O                                                       (66 = 8.0%) {54.7%}
5  -----O                                                                    (19 = 2.3%) {62.7%}
6  ----O                                                                     (14 = 1.7%) {65.0%}
7  ---O                                                                      (10 = 1.2%) {66.7%}
8  ------------------------------------------------------------------------O (265 = 32.1%) {67.9%}
9  ... 

Histogram: V8.Initializer.LoadV8Snapshot.Result recorded 1 samples, mean = 0.0 (flags = 0x1)
0  ------------------------------------------------------------------------O (1 = 100.0%)
1  ... 

Histogram: V8.Initializer.OpenV8File.Result recorded 2 samples, mean = 0.0 (flags = 0x1)
0  ------------------------------------------------------------------------O (2 = 100.0%)
1  ... 

Histogram: appcache.CompletionQueueTime recorded 1 samples, mean = 0.0 (flags = 0x1)
0  ------------------------------------------------------------------------O (1 = 100.0%)
1  ... 

Histogram: appcache.CompletionRunTime recorded 1 samples, mean = 0.0 (flags = 0x1)
0  ------------------------------------------------------------------------O (1 = 100.0%)
1  ... 

Histogram: appcache.TaskQueueTime recorded 1 samples, mean = 0.0 (flags = 0x1)
0  ------------------------------------------------------------------------O (1 = 100.0%)
1  ... 

Histogram: appcache.TaskRunTime recorded 1 samples, mean = 0.0 (flags = 0x1)
0  ------------------------------------------------------------------------O (1 = 100.0%)
1  ... 

Histogram: interstitial.ssl.good_cert_seen recorded 4 samples, mean = 0.0 (flags = 0x1)
0  ------------------------------------------------------------------------O (4 = 100.0%)
1  ... 


