2017-10-27 18:56:09.879 [ERROR] Oops! Something went wrong.	Unable to locate required Cef/CefSharp dependencies:
Missing:CefSharp.BrowserSubprocess.exe
Missing:CefSharp.BrowserSubprocess.Core.dll
Missing:CefSharp.Core.dll
Missing:CefSharp.dll
Missing:icudtl.dat
Missing:libcef.dll
Executing Assembly Path:C:\Projects\ProjectDurbar\ChromelySolution\Demos\Chromely.CefSharp.Winapi.Demo\bin\x64\Release\net461
	   at CefSharp.DependencyChecker.AssertAllDependenciesPresent(String locale, String localesDirPath, String resourcesDirPath, Boolean packLoadingDisabled, String browserSubProcessPath) in c:\projects\cefsharp\CefSharp\DependencyChecker.cs:line 209
   at CefSharp.Cef.Initialize(CefSettings cefSettings, Boolean performDependencyCheck, IBrowserProcessHandler browserProcessHandler) in c:\projects\cefsharp\cefsharp.core\cef.h:line 185
   at Chromely.CefSharp.Winapi.ChromeHost.CefSharpBrowserHost.OnCreate(CreateWindowPacket& packet)
   at WinApi.Windows.Packetizer.ProcessCreate(WindowMessage& msg, EventedWindowCore window)
   at WinApi.Windows.WindowCore.WindowProc(IntPtr hwnd, UInt32 msg, IntPtr wParam, IntPtr lParam)
2017-10-27 18:56:10.576 [ERROR] Oops! Something went wrong.	Object reference not set to an instance of an object.	   at Chromely.CefSharp.Winapi.ChromeHost.CefSharpBrowserHost.OnSize(SizePacket& packet)
   at WinApi.Windows.Packetizer.ProcessSize(WindowMessage& msg, EventedWindowCore window)
   at WinApi.Windows.WindowCore.WindowProc(IntPtr hwnd, UInt32 msg, IntPtr wParam, IntPtr lParam)
2017-10-27 18:56:10.609 [ERROR] Oops! Something went wrong.	Object reference not set to an instance of an object.	   at Chromely.CefSharp.Winapi.ChromeHost.CefSharpBrowserHost.OnSize(SizePacket& packet)
   at WinApi.Windows.Packetizer.ProcessSize(WindowMessage& msg, EventedWindowCore window)
   at WinApi.Windows.WindowCore.WindowProc(IntPtr hwnd, UInt32 msg, IntPtr wParam, IntPtr lParam)
2017-10-27 18:56:22.355 [ERROR] Oops! Something went wrong.	Object reference not set to an instance of an object.	   at Chromely.CefSharp.Winapi.ChromeHost.CefSharpBrowserHost.OnDestroy(Packet& packet)
   at WinApi.Windows.Packetizer.ProcessDestroy(WindowMessage& msg, EventedWindowCore window)
   at WinApi.Windows.WindowCore.WindowProc(IntPtr hwnd, UInt32 msg, IntPtr wParam, IntPtr lParam)
2017-10-27 18:57:06.543 [ERROR] Oops! Something went wrong.	Unable to locate required Cef/CefSharp dependencies:
Missing:CefSharp.BrowserSubprocess.exe
Missing:CefSharp.BrowserSubprocess.Core.dll
Missing:CefSharp.Core.dll
Missing:CefSharp.dll
Missing:icudtl.dat
Missing:libcef.dll
Executing Assembly Path:C:\Projects\ProjectDurbar\ChromelySolution\Demos\Chromely.CefSharp.Winapi.Demo\bin\x64\Release\net461
	   at CefSharp.DependencyChecker.AssertAllDependenciesPresent(String locale, String localesDirPath, String resourcesDirPath, Boolean packLoadingDisabled, String browserSubProcessPath) in c:\projects\cefsharp\CefSharp\DependencyChecker.cs:line 209
   at CefSharp.Cef.Initialize(CefSettings cefSettings, Boolean performDependencyCheck, IBrowserProcessHandler browserProcessHandler) in c:\projects\cefsharp\cefsharp.core\cef.h:line 185
   at Chromely.CefSharp.Winapi.ChromeHost.CefSharpBrowserHost.OnCreate(CreateWindowPacket& packet)
   at WinApi.Windows.Packetizer.ProcessCreate(WindowMessage& msg, EventedWindowCore window)
   at WinApi.Windows.WindowCore.WindowProc(IntPtr hwnd, UInt32 msg, IntPtr wParam, IntPtr lParam)
2017-10-27 18:57:06.690 [ERROR] Oops! Something went wrong.	Object reference not set to an instance of an object.	   at Chromely.CefSharp.Winapi.ChromeHost.CefSharpBrowserHost.OnSize(SizePacket& packet)
   at WinApi.Windows.Packetizer.ProcessSize(WindowMessage& msg, EventedWindowCore window)
   at WinApi.Windows.WindowCore.WindowProc(IntPtr hwnd, UInt32 msg, IntPtr wParam, IntPtr lParam)
2017-10-27 18:57:06.737 [ERROR] Oops! Something went wrong.	Object reference not set to an instance of an object.	   at Chromely.CefSharp.Winapi.ChromeHost.CefSharpBrowserHost.OnSize(SizePacket& packet)
   at WinApi.Windows.Packetizer.ProcessSize(WindowMessage& msg, EventedWindowCore window)
   at WinApi.Windows.WindowCore.WindowProc(IntPtr hwnd, UInt32 msg, IntPtr wParam, IntPtr lParam)
2017-10-27 18:57:16.675 [ERROR] Oops! Something went wrong.	Object reference not set to an instance of an object.	   at Chromely.CefSharp.Winapi.ChromeHost.CefSharpBrowserHost.OnDestroy(Packet& packet)
   at WinApi.Windows.Packetizer.ProcessDestroy(WindowMessage& msg, EventedWindowCore window)
   at WinApi.Windows.WindowCore.WindowProc(IntPtr hwnd, UInt32 msg, IntPtr wParam, IntPtr lParam)
2017-10-27 19:03:55.074 [ERROR] Oops! Something went wrong.	Unable to locate required Cef/CefSharp dependencies:
Missing:CefSharp.BrowserSubprocess.exe
Missing:CefSharp.BrowserSubprocess.Core.dll
Missing:CefSharp.Core.dll
Missing:CefSharp.dll
Missing:icudtl.dat
Missing:libcef.dll
Executing Assembly Path:C:\Projects\ProjectDurbar\ChromelySolution\Demos\Chromely.CefSharp.Winapi.Demo\bin\x64\Debug\net461
	   at CefSharp.DependencyChecker.AssertAllDependenciesPresent(String locale, String localesDirPath, String resourcesDirPath, Boolean packLoadingDisabled, String browserSubProcessPath) in c:\projects\cefsharp\CefSharp\DependencyChecker.cs:line 209
   at CefSharp.Cef.Initialize(CefSettings cefSettings, Boolean performDependencyCheck, IBrowserProcessHandler browserProcessHandler) in c:\projects\cefsharp\cefsharp.core\cef.h:line 185
   at Chromely.CefSharp.Winapi.ChromeHost.CefSharpBrowserHost.OnCreate(CreateWindowPacket& packet)
   at WinApi.Windows.Packetizer.ProcessCreate(WindowMessage& msg, EventedWindowCore window)
   at WinApi.Windows.WindowCore.WindowProc(IntPtr hwnd, UInt32 msg, IntPtr wParam, IntPtr lParam)
2017-10-27 19:03:58.428 [ERROR] Oops! Something went wrong.	Object reference not set to an instance of an object.	   at Chromely.CefSharp.Winapi.ChromeHost.CefSharpBrowserHost.OnSize(SizePacket& packet)
   at WinApi.Windows.Packetizer.ProcessSize(WindowMessage& msg, EventedWindowCore window)
   at WinApi.Windows.WindowCore.WindowProc(IntPtr hwnd, UInt32 msg, IntPtr wParam, IntPtr lParam)
2017-10-27 19:03:59.493 [ERROR] Oops! Something went wrong.	Object reference not set to an instance of an object.	   at Chromely.CefSharp.Winapi.ChromeHost.CefSharpBrowserHost.OnSize(SizePacket& packet)
   at WinApi.Windows.Packetizer.ProcessSize(WindowMessage& msg, EventedWindowCore window)
   at WinApi.Windows.WindowCore.WindowProc(IntPtr hwnd, UInt32 msg, IntPtr wParam, IntPtr lParam)
2017-10-27 20:55:23.674 [INFO] Cef browser successfully created.
2017-10-27 20:56:30.698 [INFO] Cef browser successfully created.
2017-10-27 21:13:15.494 [INFO] Cef browser successfully created.
2017-10-27 21:14:07.964 [INFO] Cef browser successfully created.
2017-10-27 21:34:55.736 [INFO] Cef browser successfully created.
2017-10-27 21:53:26.177 [INFO] Cef browser successfully created.
2017-10-27 22:15:53.888 [INFO] Cef browser successfully created.
